{"C:\\AndrewStuff\\NUS_School\\Y3S2\\CS4218_Software_Testing\\Project\\config\\db.js": {"path":"C:\\AndrewStuff\\NUS_School\\Y3S2\\CS4218_Software_Testing\\Project\\config\\db.js","statementMap":{"0":{"start":{"line":3,"column":18},"end":{"line":10,"column":1}},"1":{"start":{"line":4,"column":4},"end":{"line":9,"column":5}},"2":{"start":{"line":5,"column":21},"end":{"line":5,"column":66}},"3":{"start":{"line":6,"column":8},"end":{"line":6,"column":93}},"4":{"start":{"line":8,"column":8},"end":{"line":8,"column":61}}},"fnMap":{"0":{"name":"(anonymous_0)","decl":{"start":{"line":3,"column":18},"end":{"line":3,"column":19}},"loc":{"start":{"line":3,"column":30},"end":{"line":10,"column":1}},"line":3}},"branchMap":{},"s":{"0":1,"1":2,"2":2,"3":1,"4":1},"f":{"0":2},"b":{},"_coverageSchema":"1a1c01bbd47fc00a2c39e90264f33305004495a9","hash":"530b11f99bd1fcffba9fb2f48b1dee7c710a104b"}
,"C:\\AndrewStuff\\NUS_School\\Y3S2\\CS4218_Software_Testing\\Project\\controllers\\authController.js": {"path":"C:\\AndrewStuff\\NUS_School\\Y3S2\\CS4218_Software_Testing\\Project\\controllers\\authController.js","statementMap":{"0":{"start":{"line":7,"column":34},"end":{"line":63,"column":1}},"1":{"start":{"line":8,"column":2},"end":{"line":62,"column":3}},"2":{"start":{"line":9,"column":62},"end":{"line":9,"column":70}},"3":{"start":{"line":11,"column":4},"end":{"line":13,"column":5}},"4":{"start":{"line":12,"column":6},"end":{"line":12,"column":53}},"5":{"start":{"line":14,"column":4},"end":{"line":16,"column":5}},"6":{"start":{"line":15,"column":6},"end":{"line":15,"column":56}},"7":{"start":{"line":17,"column":4},"end":{"line":19,"column":5}},"8":{"start":{"line":18,"column":6},"end":{"line":18,"column":59}},"9":{"start":{"line":20,"column":4},"end":{"line":22,"column":5}},"10":{"start":{"line":21,"column":6},"end":{"line":21,"column":59}},"11":{"start":{"line":23,"column":4},"end":{"line":25,"column":5}},"12":{"start":{"line":24,"column":6},"end":{"line":24,"column":58}},"13":{"start":{"line":26,"column":4},"end":{"line":28,"column":5}},"14":{"start":{"line":27,"column":6},"end":{"line":27,"column":57}},"15":{"start":{"line":30,"column":26},"end":{"line":30,"column":60}},"16":{"start":{"line":32,"column":4},"end":{"line":37,"column":5}},"17":{"start":{"line":33,"column":6},"end":{"line":36,"column":9}},"18":{"start":{"line":39,"column":27},"end":{"line":39,"column":55}},"19":{"start":{"line":41,"column":17},"end":{"line":48,"column":13}},"20":{"start":{"line":50,"column":4},"end":{"line":54,"column":7}},"21":{"start":{"line":56,"column":4},"end":{"line":56,"column":23}},"22":{"start":{"line":57,"column":4},"end":{"line":61,"column":7}},"23":{"start":{"line":66,"column":31},"end":{"line":118,"column":1}},"24":{"start":{"line":67,"column":2},"end":{"line":117,"column":3}},"25":{"start":{"line":68,"column":32},"end":{"line":68,"column":40}},"26":{"start":{"line":70,"column":4},"end":{"line":75,"column":5}},"27":{"start":{"line":71,"column":6},"end":{"line":74,"column":9}},"28":{"start":{"line":77,"column":17},"end":{"line":77,"column":51}},"29":{"start":{"line":78,"column":4},"end":{"line":83,"column":5}},"30":{"start":{"line":79,"column":6},"end":{"line":82,"column":9}},"31":{"start":{"line":84,"column":18},"end":{"line":84,"column":64}},"32":{"start":{"line":87,"column":4},"end":{"line":92,"column":5}},"33":{"start":{"line":88,"column":6},"end":{"line":91,"column":9}},"34":{"start":{"line":94,"column":18},"end":{"line":96,"column":6}},"35":{"start":{"line":97,"column":4},"end":{"line":109,"column":7}},"36":{"start":{"line":111,"column":4},"end":{"line":111,"column":23}},"37":{"start":{"line":112,"column":4},"end":{"line":116,"column":7}},"38":{"start":{"line":122,"column":40},"end":{"line":157,"column":1}},"39":{"start":{"line":123,"column":2},"end":{"line":156,"column":3}},"40":{"start":{"line":124,"column":43},"end":{"line":124,"column":51}},"41":{"start":{"line":125,"column":4},"end":{"line":127,"column":5}},"42":{"start":{"line":126,"column":6},"end":{"line":126,"column":61}},"43":{"start":{"line":128,"column":4},"end":{"line":130,"column":5}},"44":{"start":{"line":129,"column":6},"end":{"line":129,"column":62}},"45":{"start":{"line":131,"column":4},"end":{"line":133,"column":5}},"46":{"start":{"line":132,"column":6},"end":{"line":132,"column":68}},"47":{"start":{"line":135,"column":17},"end":{"line":135,"column":59}},"48":{"start":{"line":137,"column":4},"end":{"line":142,"column":5}},"49":{"start":{"line":138,"column":6},"end":{"line":141,"column":9}},"50":{"start":{"line":143,"column":19},"end":{"line":143,"column":50}},"51":{"start":{"line":144,"column":4},"end":{"line":144,"column":70}},"52":{"start":{"line":145,"column":4},"end":{"line":148,"column":7}},"53":{"start":{"line":150,"column":4},"end":{"line":150,"column":23}},"54":{"start":{"line":151,"column":4},"end":{"line":155,"column":7}},"55":{"start":{"line":160,"column":30},"end":{"line":167,"column":1}},"56":{"start":{"line":161,"column":2},"end":{"line":166,"column":3}},"57":{"start":{"line":162,"column":4},"end":{"line":162,"column":33}},"58":{"start":{"line":164,"column":4},"end":{"line":164,"column":23}},"59":{"start":{"line":165,"column":4},"end":{"line":165,"column":24}},"60":{"start":{"line":170,"column":39},"end":{"line":204,"column":1}},"61":{"start":{"line":171,"column":2},"end":{"line":203,"column":3}},"62":{"start":{"line":172,"column":54},"end":{"line":172,"column":62}},"63":{"start":{"line":173,"column":17},"end":{"line":173,"column":55}},"64":{"start":{"line":175,"column":4},"end":{"line":179,"column":5}},"65":{"start":{"line":176,"column":6},"end":{"line":178,"column":9}},"66":{"start":{"line":180,"column":27},"end":{"line":180,"column":78}},"67":{"start":{"line":181,"column":24},"end":{"line":190,"column":5}},"68":{"start":{"line":191,"column":4},"end":{"line":195,"column":7}},"69":{"start":{"line":197,"column":4},"end":{"line":197,"column":23}},"70":{"start":{"line":198,"column":4},"end":{"line":202,"column":7}},"71":{"start":{"line":207,"column":35},"end":{"line":224,"column":1}},"72":{"start":{"line":208,"column":2},"end":{"line":223,"column":3}},"73":{"start":{"line":209,"column":19},"end":{"line":214,"column":8}},"74":{"start":{"line":215,"column":4},"end":{"line":215,"column":21}},"75":{"start":{"line":217,"column":4},"end":{"line":217,"column":23}},"76":{"start":{"line":218,"column":4},"end":{"line":222,"column":7}},"77":{"start":{"line":226,"column":38},"end":{"line":243,"column":1}},"78":{"start":{"line":227,"column":2},"end":{"line":242,"column":3}},"79":{"start":{"line":228,"column":19},"end":{"line":233,"column":32}},"80":{"start":{"line":234,"column":4},"end":{"line":234,"column":21}},"81":{"start":{"line":236,"column":4},"end":{"line":236,"column":23}},"82":{"start":{"line":237,"column":4},"end":{"line":241,"column":7}},"83":{"start":{"line":246,"column":37},"end":{"line":264,"column":1}},"84":{"start":{"line":247,"column":2},"end":{"line":263,"column":3}},"85":{"start":{"line":248,"column":24},"end":{"line":248,"column":34}},"86":{"start":{"line":249,"column":23},"end":{"line":249,"column":31}},"87":{"start":{"line":250,"column":19},"end":{"line":254,"column":5}},"88":{"start":{"line":255,"column":4},"end":{"line":255,"column":21}},"89":{"start":{"line":257,"column":4},"end":{"line":257,"column":23}},"90":{"start":{"line":258,"column":4},"end":{"line":262,"column":7}}},"fnMap":{"0":{"name":"(anonymous_0)","decl":{"start":{"line":7,"column":34},"end":{"line":7,"column":35}},"loc":{"start":{"line":7,"column":54},"end":{"line":63,"column":1}},"line":7},"1":{"name":"(anonymous_1)","decl":{"start":{"line":66,"column":31},"end":{"line":66,"column":32}},"loc":{"start":{"line":66,"column":51},"end":{"line":118,"column":1}},"line":66},"2":{"name":"(anonymous_2)","decl":{"start":{"line":122,"column":40},"end":{"line":122,"column":41}},"loc":{"start":{"line":122,"column":60},"end":{"line":157,"column":1}},"line":122},"3":{"name":"(anonymous_3)","decl":{"start":{"line":160,"column":30},"end":{"line":160,"column":31}},"loc":{"start":{"line":160,"column":44},"end":{"line":167,"column":1}},"line":160},"4":{"name":"(anonymous_4)","decl":{"start":{"line":170,"column":39},"end":{"line":170,"column":40}},"loc":{"start":{"line":170,"column":59},"end":{"line":204,"column":1}},"line":170},"5":{"name":"(anonymous_5)","decl":{"start":{"line":207,"column":35},"end":{"line":207,"column":36}},"loc":{"start":{"line":207,"column":55},"end":{"line":224,"column":1}},"line":207},"6":{"name":"(anonymous_6)","decl":{"start":{"line":226,"column":38},"end":{"line":226,"column":39}},"loc":{"start":{"line":226,"column":58},"end":{"line":243,"column":1}},"line":226},"7":{"name":"(anonymous_7)","decl":{"start":{"line":246,"column":37},"end":{"line":246,"column":38}},"loc":{"start":{"line":246,"column":57},"end":{"line":264,"column":1}},"line":246}},"branchMap":{"0":{"loc":{"start":{"line":11,"column":4},"end":{"line":13,"column":5}},"type":"if","locations":[{"start":{"line":11,"column":4},"end":{"line":13,"column":5}},{"start":{},"end":{}}],"line":11},"1":{"loc":{"start":{"line":14,"column":4},"end":{"line":16,"column":5}},"type":"if","locations":[{"start":{"line":14,"column":4},"end":{"line":16,"column":5}},{"start":{},"end":{}}],"line":14},"2":{"loc":{"start":{"line":17,"column":4},"end":{"line":19,"column":5}},"type":"if","locations":[{"start":{"line":17,"column":4},"end":{"line":19,"column":5}},{"start":{},"end":{}}],"line":17},"3":{"loc":{"start":{"line":20,"column":4},"end":{"line":22,"column":5}},"type":"if","locations":[{"start":{"line":20,"column":4},"end":{"line":22,"column":5}},{"start":{},"end":{}}],"line":20},"4":{"loc":{"start":{"line":23,"column":4},"end":{"line":25,"column":5}},"type":"if","locations":[{"start":{"line":23,"column":4},"end":{"line":25,"column":5}},{"start":{},"end":{}}],"line":23},"5":{"loc":{"start":{"line":26,"column":4},"end":{"line":28,"column":5}},"type":"if","locations":[{"start":{"line":26,"column":4},"end":{"line":28,"column":5}},{"start":{},"end":{}}],"line":26},"6":{"loc":{"start":{"line":32,"column":4},"end":{"line":37,"column":5}},"type":"if","locations":[{"start":{"line":32,"column":4},"end":{"line":37,"column":5}},{"start":{},"end":{}}],"line":32},"7":{"loc":{"start":{"line":70,"column":4},"end":{"line":75,"column":5}},"type":"if","locations":[{"start":{"line":70,"column":4},"end":{"line":75,"column":5}},{"start":{},"end":{}}],"line":70},"8":{"loc":{"start":{"line":70,"column":8},"end":{"line":70,"column":27}},"type":"binary-expr","locations":[{"start":{"line":70,"column":8},"end":{"line":70,"column":14}},{"start":{"line":70,"column":18},"end":{"line":70,"column":27}}],"line":70},"9":{"loc":{"start":{"line":78,"column":4},"end":{"line":83,"column":5}},"type":"if","locations":[{"start":{"line":78,"column":4},"end":{"line":83,"column":5}},{"start":{},"end":{}}],"line":78},"10":{"loc":{"start":{"line":87,"column":4},"end":{"line":92,"column":5}},"type":"if","locations":[{"start":{"line":87,"column":4},"end":{"line":92,"column":5}},{"start":{},"end":{}}],"line":87},"11":{"loc":{"start":{"line":125,"column":4},"end":{"line":127,"column":5}},"type":"if","locations":[{"start":{"line":125,"column":4},"end":{"line":127,"column":5}},{"start":{},"end":{}}],"line":125},"12":{"loc":{"start":{"line":128,"column":4},"end":{"line":130,"column":5}},"type":"if","locations":[{"start":{"line":128,"column":4},"end":{"line":130,"column":5}},{"start":{},"end":{}}],"line":128},"13":{"loc":{"start":{"line":131,"column":4},"end":{"line":133,"column":5}},"type":"if","locations":[{"start":{"line":131,"column":4},"end":{"line":133,"column":5}},{"start":{},"end":{}}],"line":131},"14":{"loc":{"start":{"line":137,"column":4},"end":{"line":142,"column":5}},"type":"if","locations":[{"start":{"line":137,"column":4},"end":{"line":142,"column":5}},{"start":{},"end":{}}],"line":137},"15":{"loc":{"start":{"line":175,"column":4},"end":{"line":179,"column":5}},"type":"if","locations":[{"start":{"line":175,"column":4},"end":{"line":179,"column":5}},{"start":{},"end":{}}],"line":175},"16":{"loc":{"start":{"line":175,"column":8},"end":{"line":175,"column":39}},"type":"binary-expr","locations":[{"start":{"line":175,"column":8},"end":{"line":175,"column":16}},{"start":{"line":175,"column":20},"end":{"line":175,"column":39}}],"line":175},"17":{"loc":{"start":{"line":180,"column":27},"end":{"line":180,"column":78}},"type":"cond-expr","locations":[{"start":{"line":180,"column":38},"end":{"line":180,"column":66}},{"start":{"line":180,"column":69},"end":{"line":180,"column":78}}],"line":180},"18":{"loc":{"start":{"line":184,"column":14},"end":{"line":184,"column":31}},"type":"binary-expr","locations":[{"start":{"line":184,"column":14},"end":{"line":184,"column":18}},{"start":{"line":184,"column":22},"end":{"line":184,"column":31}}],"line":184},"19":{"loc":{"start":{"line":185,"column":18},"end":{"line":185,"column":49}},"type":"binary-expr","locations":[{"start":{"line":185,"column":18},"end":{"line":185,"column":32}},{"start":{"line":185,"column":36},"end":{"line":185,"column":49}}],"line":185},"20":{"loc":{"start":{"line":186,"column":15},"end":{"line":186,"column":34}},"type":"binary-expr","locations":[{"start":{"line":186,"column":15},"end":{"line":186,"column":20}},{"start":{"line":186,"column":24},"end":{"line":186,"column":34}}],"line":186},"21":{"loc":{"start":{"line":187,"column":17},"end":{"line":187,"column":40}},"type":"binary-expr","locations":[{"start":{"line":187,"column":17},"end":{"line":187,"column":24}},{"start":{"line":187,"column":28},"end":{"line":187,"column":40}}],"line":187}},"s":{"0":1,"1":9,"2":9,"3":9,"4":1,"5":8,"6":1,"7":7,"8":1,"9":6,"10":1,"11":5,"12":1,"13":4,"14":1,"15":3,"16":2,"17":1,"18":1,"19":1,"20":1,"21":1,"22":1,"23":1,"24":6,"25":6,"26":6,"27":2,"28":4,"29":3,"30":1,"31":2,"32":2,"33":1,"34":1,"35":1,"36":1,"37":1,"38":1,"39":6,"40":6,"41":6,"42":1,"43":6,"44":1,"45":6,"46":1,"47":6,"48":2,"49":1,"50":1,"51":1,"52":1,"53":4,"54":4,"55":1,"56":2,"57":2,"58":1,"59":1,"60":1,"61":4,"62":4,"63":4,"64":3,"65":1,"66":2,"67":2,"68":2,"69":1,"70":1,"71":1,"72":2,"73":2,"74":1,"75":1,"76":1,"77":1,"78":2,"79":2,"80":1,"81":1,"82":1,"83":1,"84":2,"85":2,"86":2,"87":2,"88":1,"89":1,"90":1},"f":{"0":9,"1":6,"2":6,"3":2,"4":4,"5":2,"6":2,"7":2},"b":{"0":[1,8],"1":[1,7],"2":[1,6],"3":[1,5],"4":[1,4],"5":[1,3],"6":[1,1],"7":[2,4],"8":[6,5],"9":[1,2],"10":[1,1],"11":[1,5],"12":[1,5],"13":[1,5],"14":[1,1],"15":[1,2],"16":[3,2],"17":[1,1],"18":[2,1],"19":[2,1],"20":[2,1],"21":[2,1]},"_coverageSchema":"1a1c01bbd47fc00a2c39e90264f33305004495a9","hash":"935bbce86148b00827395478acd003c2902f2241"}
,"C:\\AndrewStuff\\NUS_School\\Y3S2\\CS4218_Software_Testing\\Project\\controllers\\categoryController.js": {"path":"C:\\AndrewStuff\\NUS_School\\Y3S2\\CS4218_Software_Testing\\Project\\controllers\\categoryController.js","statementMap":{"0":{"start":{"line":3,"column":40},"end":{"line":33,"column":1}},"1":{"start":{"line":4,"column":2},"end":{"line":32,"column":3}},"2":{"start":{"line":5,"column":21},"end":{"line":5,"column":29}},"3":{"start":{"line":6,"column":4},"end":{"line":8,"column":5}},"4":{"start":{"line":7,"column":6},"end":{"line":7,"column":67}},"5":{"start":{"line":9,"column":29},"end":{"line":9,"column":66}},"6":{"start":{"line":10,"column":4},"end":{"line":15,"column":5}},"7":{"start":{"line":11,"column":6},"end":{"line":14,"column":9}},"8":{"start":{"line":16,"column":21},"end":{"line":19,"column":13}},"9":{"start":{"line":20,"column":4},"end":{"line":24,"column":7}},"10":{"start":{"line":26,"column":4},"end":{"line":26,"column":23}},"11":{"start":{"line":27,"column":4},"end":{"line":31,"column":7}},"12":{"start":{"line":36,"column":40},"end":{"line":67,"column":1}},"13":{"start":{"line":37,"column":2},"end":{"line":66,"column":3}},"14":{"start":{"line":38,"column":21},"end":{"line":38,"column":29}},"15":{"start":{"line":39,"column":19},"end":{"line":39,"column":29}},"16":{"start":{"line":40,"column":21},"end":{"line":44,"column":5}},"17":{"start":{"line":46,"column":4},"end":{"line":52,"column":5}},"18":{"start":{"line":47,"column":6},"end":{"line":51,"column":9}},"19":{"start":{"line":54,"column":4},"end":{"line":58,"column":7}},"20":{"start":{"line":60,"column":4},"end":{"line":60,"column":23}},"21":{"start":{"line":61,"column":4},"end":{"line":65,"column":7}},"22":{"start":{"line":70,"column":35},"end":{"line":86,"column":1}},"23":{"start":{"line":71,"column":2},"end":{"line":85,"column":3}},"24":{"start":{"line":72,"column":21},"end":{"line":72,"column":49}},"25":{"start":{"line":73,"column":4},"end":{"line":77,"column":7}},"26":{"start":{"line":79,"column":4},"end":{"line":79,"column":23}},"27":{"start":{"line":80,"column":4},"end":{"line":84,"column":7}},"28":{"start":{"line":89,"column":40},"end":{"line":105,"column":1}},"29":{"start":{"line":90,"column":2},"end":{"line":104,"column":3}},"30":{"start":{"line":91,"column":21},"end":{"line":91,"column":75}},"31":{"start":{"line":92,"column":4},"end":{"line":96,"column":7}},"32":{"start":{"line":98,"column":4},"end":{"line":98,"column":23}},"33":{"start":{"line":99,"column":4},"end":{"line":103,"column":7}},"34":{"start":{"line":108,"column":40},"end":{"line":124,"column":1}},"35":{"start":{"line":109,"column":2},"end":{"line":123,"column":3}},"36":{"start":{"line":110,"column":19},"end":{"line":110,"column":29}},"37":{"start":{"line":111,"column":4},"end":{"line":111,"column":46}},"38":{"start":{"line":112,"column":4},"end":{"line":115,"column":7}},"39":{"start":{"line":117,"column":4},"end":{"line":117,"column":23}},"40":{"start":{"line":118,"column":4},"end":{"line":122,"column":7}}},"fnMap":{"0":{"name":"(anonymous_0)","decl":{"start":{"line":3,"column":40},"end":{"line":3,"column":41}},"loc":{"start":{"line":3,"column":60},"end":{"line":33,"column":1}},"line":3},"1":{"name":"(anonymous_1)","decl":{"start":{"line":36,"column":40},"end":{"line":36,"column":41}},"loc":{"start":{"line":36,"column":60},"end":{"line":67,"column":1}},"line":36},"2":{"name":"(anonymous_2)","decl":{"start":{"line":70,"column":35},"end":{"line":70,"column":36}},"loc":{"start":{"line":70,"column":55},"end":{"line":86,"column":1}},"line":70},"3":{"name":"(anonymous_3)","decl":{"start":{"line":89,"column":40},"end":{"line":89,"column":41}},"loc":{"start":{"line":89,"column":60},"end":{"line":105,"column":1}},"line":89},"4":{"name":"(anonymous_4)","decl":{"start":{"line":108,"column":40},"end":{"line":108,"column":41}},"loc":{"start":{"line":108,"column":60},"end":{"line":124,"column":1}},"line":108}},"branchMap":{"0":{"loc":{"start":{"line":6,"column":4},"end":{"line":8,"column":5}},"type":"if","locations":[{"start":{"line":6,"column":4},"end":{"line":8,"column":5}},{"start":{},"end":{}}],"line":6},"1":{"loc":{"start":{"line":10,"column":4},"end":{"line":15,"column":5}},"type":"if","locations":[{"start":{"line":10,"column":4},"end":{"line":15,"column":5}},{"start":{},"end":{}}],"line":10},"2":{"loc":{"start":{"line":46,"column":4},"end":{"line":52,"column":5}},"type":"if","locations":[{"start":{"line":46,"column":4},"end":{"line":52,"column":5}},{"start":{},"end":{}}],"line":46}},"s":{"0":1,"1":4,"2":4,"3":3,"4":1,"5":2,"6":2,"7":1,"8":1,"9":1,"10":1,"11":1,"12":1,"13":3,"14":3,"15":2,"16":2,"17":2,"18":1,"19":1,"20":1,"21":1,"22":1,"23":2,"24":2,"25":1,"26":1,"27":1,"28":1,"29":2,"30":2,"31":1,"32":1,"33":1,"34":1,"35":2,"36":2,"37":2,"38":1,"39":1,"40":1},"f":{"0":4,"1":3,"2":2,"3":2,"4":2},"b":{"0":[1,2],"1":[1,1],"2":[1,1]},"_coverageSchema":"1a1c01bbd47fc00a2c39e90264f33305004495a9","hash":"b4a19e379c9a1168bd3a7c61c740f0ad636031e3"}
,"C:\\AndrewStuff\\NUS_School\\Y3S2\\CS4218_Software_Testing\\Project\\controllers\\productController.js": {"path":"C:\\AndrewStuff\\NUS_School\\Y3S2\\CS4218_Software_Testing\\Project\\controllers\\productController.js","statementMap":{"0":{"start":{"line":10,"column":0},"end":{"line":10,"column":16}},"1":{"start":{"line":13,"column":14},"end":{"line":18,"column":2}},"2":{"start":{"line":20,"column":39},"end":{"line":67,"column":1}},"3":{"start":{"line":21,"column":2},"end":{"line":66,"column":3}},"4":{"start":{"line":23,"column":6},"end":{"line":23,"column":16}},"5":{"start":{"line":24,"column":22},"end":{"line":24,"column":31}},"6":{"start":{"line":26,"column":4},"end":{"line":45,"column":5}},"7":{"start":{"line":28,"column":8},"end":{"line":28,"column":67}},"8":{"start":{"line":30,"column":8},"end":{"line":30,"column":74}},"9":{"start":{"line":32,"column":8},"end":{"line":32,"column":68}},"10":{"start":{"line":34,"column":8},"end":{"line":34,"column":71}},"11":{"start":{"line":36,"column":8},"end":{"line":36,"column":71}},"12":{"start":{"line":38,"column":8},"end":{"line":40,"column":48}},"13":{"start":{"line":42,"column":8},"end":{"line":44,"column":62}},"14":{"start":{"line":47,"column":21},"end":{"line":47,"column":77}},"15":{"start":{"line":48,"column":4},"end":{"line":52,"column":5}},"16":{"start":{"line":49,"column":6},"end":{"line":49,"column":26}},"17":{"start":{"line":50,"column":6},"end":{"line":50,"column":56}},"18":{"start":{"line":51,"column":6},"end":{"line":51,"column":46}},"19":{"start":{"line":53,"column":4},"end":{"line":53,"column":26}},"20":{"start":{"line":54,"column":4},"end":{"line":58,"column":7}},"21":{"start":{"line":60,"column":4},"end":{"line":60,"column":23}},"22":{"start":{"line":61,"column":4},"end":{"line":65,"column":7}},"23":{"start":{"line":70,"column":36},"end":{"line":92,"column":1}},"24":{"start":{"line":71,"column":2},"end":{"line":91,"column":3}},"25":{"start":{"line":72,"column":21},"end":{"line":77,"column":30}},"26":{"start":{"line":78,"column":4},"end":{"line":83,"column":7}},"27":{"start":{"line":85,"column":4},"end":{"line":85,"column":23}},"28":{"start":{"line":86,"column":4},"end":{"line":90,"column":7}},"29":{"start":{"line":94,"column":42},"end":{"line":113,"column":1}},"30":{"start":{"line":95,"column":2},"end":{"line":112,"column":3}},"31":{"start":{"line":96,"column":20},"end":{"line":99,"column":27}},"32":{"start":{"line":100,"column":4},"end":{"line":104,"column":7}},"33":{"start":{"line":106,"column":4},"end":{"line":106,"column":23}},"34":{"start":{"line":107,"column":4},"end":{"line":111,"column":7}},"35":{"start":{"line":116,"column":38},"end":{"line":131,"column":1}},"36":{"start":{"line":117,"column":2},"end":{"line":130,"column":3}},"37":{"start":{"line":118,"column":20},"end":{"line":118,"column":79}},"38":{"start":{"line":119,"column":4},"end":{"line":122,"column":5}},"39":{"start":{"line":120,"column":6},"end":{"line":120,"column":57}},"40":{"start":{"line":121,"column":6},"end":{"line":121,"column":54}},"41":{"start":{"line":124,"column":4},"end":{"line":124,"column":23}},"42":{"start":{"line":125,"column":4},"end":{"line":129,"column":7}},"43":{"start":{"line":134,"column":39},"end":{"line":149,"column":1}},"44":{"start":{"line":135,"column":2},"end":{"line":148,"column":3}},"45":{"start":{"line":136,"column":4},"end":{"line":136,"column":74}},"46":{"start":{"line":137,"column":4},"end":{"line":140,"column":7}},"47":{"start":{"line":142,"column":4},"end":{"line":142,"column":23}},"48":{"start":{"line":143,"column":4},"end":{"line":147,"column":7}},"49":{"start":{"line":152,"column":39},"end":{"line":202,"column":1}},"50":{"start":{"line":153,"column":2},"end":{"line":201,"column":3}},"51":{"start":{"line":155,"column":6},"end":{"line":155,"column":16}},"52":{"start":{"line":156,"column":22},"end":{"line":156,"column":31}},"53":{"start":{"line":158,"column":4},"end":{"line":177,"column":5}},"54":{"start":{"line":160,"column":8},"end":{"line":160,"column":67}},"55":{"start":{"line":162,"column":8},"end":{"line":162,"column":74}},"56":{"start":{"line":164,"column":8},"end":{"line":164,"column":68}},"57":{"start":{"line":166,"column":8},"end":{"line":166,"column":71}},"58":{"start":{"line":168,"column":8},"end":{"line":168,"column":71}},"59":{"start":{"line":170,"column":8},"end":{"line":172,"column":48}},"60":{"start":{"line":174,"column":8},"end":{"line":176,"column":62}},"61":{"start":{"line":179,"column":21},"end":{"line":183,"column":5}},"62":{"start":{"line":184,"column":4},"end":{"line":187,"column":5}},"63":{"start":{"line":185,"column":6},"end":{"line":185,"column":56}},"64":{"start":{"line":186,"column":6},"end":{"line":186,"column":46}},"65":{"start":{"line":189,"column":4},"end":{"line":193,"column":7}},"66":{"start":{"line":195,"column":4},"end":{"line":195,"column":23}},"67":{"start":{"line":196,"column":4},"end":{"line":200,"column":7}},"68":{"start":{"line":205,"column":40},"end":{"line":224,"column":1}},"69":{"start":{"line":206,"column":2},"end":{"line":223,"column":3}},"70":{"start":{"line":207,"column":31},"end":{"line":207,"column":39}},"71":{"start":{"line":208,"column":15},"end":{"line":208,"column":17}},"72":{"start":{"line":209,"column":4},"end":{"line":209,"column":52}},"73":{"start":{"line":209,"column":28},"end":{"line":209,"column":52}},"74":{"start":{"line":210,"column":4},"end":{"line":210,"column":70}},"75":{"start":{"line":210,"column":22},"end":{"line":210,"column":70}},"76":{"start":{"line":211,"column":21},"end":{"line":211,"column":50}},"77":{"start":{"line":212,"column":4},"end":{"line":215,"column":7}},"78":{"start":{"line":217,"column":4},"end":{"line":217,"column":23}},"79":{"start":{"line":218,"column":4},"end":{"line":222,"column":7}},"80":{"start":{"line":227,"column":38},"end":{"line":242,"column":1}},"81":{"start":{"line":228,"column":2},"end":{"line":241,"column":3}},"82":{"start":{"line":229,"column":18},"end":{"line":229,"column":70}},"83":{"start":{"line":230,"column":4},"end":{"line":233,"column":7}},"84":{"start":{"line":235,"column":4},"end":{"line":235,"column":23}},"85":{"start":{"line":236,"column":4},"end":{"line":240,"column":7}},"86":{"start":{"line":245,"column":37},"end":{"line":267,"column":1}},"87":{"start":{"line":246,"column":2},"end":{"line":266,"column":3}},"88":{"start":{"line":247,"column":20},"end":{"line":247,"column":21}},"89":{"start":{"line":248,"column":17},"end":{"line":248,"column":54}},"90":{"start":{"line":249,"column":21},"end":{"line":254,"column":30}},"91":{"start":{"line":255,"column":4},"end":{"line":258,"column":7}},"92":{"start":{"line":260,"column":4},"end":{"line":260,"column":23}},"93":{"start":{"line":261,"column":4},"end":{"line":265,"column":7}},"94":{"start":{"line":270,"column":39},"end":{"line":290,"column":1}},"95":{"start":{"line":271,"column":2},"end":{"line":289,"column":3}},"96":{"start":{"line":272,"column":24},"end":{"line":272,"column":34}},"97":{"start":{"line":273,"column":20},"end":{"line":280,"column":23}},"98":{"start":{"line":281,"column":4},"end":{"line":281,"column":22}},"99":{"start":{"line":283,"column":4},"end":{"line":283,"column":23}},"100":{"start":{"line":284,"column":4},"end":{"line":288,"column":7}},"101":{"start":{"line":293,"column":40},"end":{"line":316,"column":1}},"102":{"start":{"line":294,"column":2},"end":{"line":315,"column":3}},"103":{"start":{"line":295,"column":25},"end":{"line":295,"column":35}},"104":{"start":{"line":296,"column":21},"end":{"line":303,"column":27}},"105":{"start":{"line":304,"column":4},"end":{"line":307,"column":7}},"106":{"start":{"line":309,"column":4},"end":{"line":309,"column":23}},"107":{"start":{"line":310,"column":4},"end":{"line":314,"column":7}},"108":{"start":{"line":319,"column":41},"end":{"line":336,"column":1}},"109":{"start":{"line":320,"column":2},"end":{"line":335,"column":3}},"110":{"start":{"line":321,"column":21},"end":{"line":321,"column":75}},"111":{"start":{"line":322,"column":21},"end":{"line":322,"column":79}},"112":{"start":{"line":323,"column":4},"end":{"line":327,"column":7}},"113":{"start":{"line":329,"column":4},"end":{"line":329,"column":23}},"114":{"start":{"line":330,"column":4},"end":{"line":334,"column":7}},"115":{"start":{"line":340,"column":40},"end":{"line":352,"column":1}},"116":{"start":{"line":341,"column":2},"end":{"line":351,"column":3}},"117":{"start":{"line":342,"column":4},"end":{"line":348,"column":7}},"118":{"start":{"line":343,"column":6},"end":{"line":347,"column":7}},"119":{"start":{"line":344,"column":8},"end":{"line":344,"column":34}},"120":{"start":{"line":346,"column":8},"end":{"line":346,"column":27}},"121":{"start":{"line":350,"column":4},"end":{"line":350,"column":23}},"122":{"start":{"line":355,"column":42},"end":{"line":386,"column":1}},"123":{"start":{"line":356,"column":2},"end":{"line":385,"column":3}},"124":{"start":{"line":357,"column":28},"end":{"line":357,"column":36}},"125":{"start":{"line":358,"column":16},"end":{"line":358,"column":17}},"126":{"start":{"line":359,"column":4},"end":{"line":361,"column":7}},"127":{"start":{"line":360,"column":6},"end":{"line":360,"column":23}},"128":{"start":{"line":362,"column":25},"end":{"line":382,"column":5}},"129":{"start":{"line":371,"column":8},"end":{"line":380,"column":9}},"130":{"start":{"line":372,"column":24},"end":{"line":376,"column":19}},"131":{"start":{"line":377,"column":10},"end":{"line":377,"column":33}},"132":{"start":{"line":379,"column":10},"end":{"line":379,"column":38}},"133":{"start":{"line":384,"column":4},"end":{"line":384,"column":23}}},"fnMap":{"0":{"name":"(anonymous_0)","decl":{"start":{"line":20,"column":39},"end":{"line":20,"column":40}},"loc":{"start":{"line":20,"column":59},"end":{"line":67,"column":1}},"line":20},"1":{"name":"(anonymous_1)","decl":{"start":{"line":70,"column":36},"end":{"line":70,"column":37}},"loc":{"start":{"line":70,"column":56},"end":{"line":92,"column":1}},"line":70},"2":{"name":"(anonymous_2)","decl":{"start":{"line":94,"column":42},"end":{"line":94,"column":43}},"loc":{"start":{"line":94,"column":62},"end":{"line":113,"column":1}},"line":94},"3":{"name":"(anonymous_3)","decl":{"start":{"line":116,"column":38},"end":{"line":116,"column":39}},"loc":{"start":{"line":116,"column":58},"end":{"line":131,"column":1}},"line":116},"4":{"name":"(anonymous_4)","decl":{"start":{"line":134,"column":39},"end":{"line":134,"column":40}},"loc":{"start":{"line":134,"column":59},"end":{"line":149,"column":1}},"line":134},"5":{"name":"(anonymous_5)","decl":{"start":{"line":152,"column":39},"end":{"line":152,"column":40}},"loc":{"start":{"line":152,"column":59},"end":{"line":202,"column":1}},"line":152},"6":{"name":"(anonymous_6)","decl":{"start":{"line":205,"column":40},"end":{"line":205,"column":41}},"loc":{"start":{"line":205,"column":60},"end":{"line":224,"column":1}},"line":205},"7":{"name":"(anonymous_7)","decl":{"start":{"line":227,"column":38},"end":{"line":227,"column":39}},"loc":{"start":{"line":227,"column":58},"end":{"line":242,"column":1}},"line":227},"8":{"name":"(anonymous_8)","decl":{"start":{"line":245,"column":37},"end":{"line":245,"column":38}},"loc":{"start":{"line":245,"column":57},"end":{"line":267,"column":1}},"line":245},"9":{"name":"(anonymous_9)","decl":{"start":{"line":270,"column":39},"end":{"line":270,"column":40}},"loc":{"start":{"line":270,"column":59},"end":{"line":290,"column":1}},"line":270},"10":{"name":"(anonymous_10)","decl":{"start":{"line":293,"column":40},"end":{"line":293,"column":41}},"loc":{"start":{"line":293,"column":60},"end":{"line":316,"column":1}},"line":293},"11":{"name":"(anonymous_11)","decl":{"start":{"line":319,"column":41},"end":{"line":319,"column":42}},"loc":{"start":{"line":319,"column":61},"end":{"line":336,"column":1}},"line":319},"12":{"name":"(anonymous_12)","decl":{"start":{"line":340,"column":40},"end":{"line":340,"column":41}},"loc":{"start":{"line":340,"column":60},"end":{"line":352,"column":1}},"line":340},"13":{"name":"(anonymous_13)","decl":{"start":{"line":342,"column":37},"end":{"line":342,"column":38}},"loc":{"start":{"line":342,"column":62},"end":{"line":348,"column":5}},"line":342},"14":{"name":"(anonymous_14)","decl":{"start":{"line":355,"column":42},"end":{"line":355,"column":43}},"loc":{"start":{"line":355,"column":62},"end":{"line":386,"column":1}},"line":355},"15":{"name":"(anonymous_15)","decl":{"start":{"line":359,"column":13},"end":{"line":359,"column":14}},"loc":{"start":{"line":359,"column":20},"end":{"line":361,"column":5}},"line":359},"16":{"name":"(anonymous_16)","decl":{"start":{"line":370,"column":6},"end":{"line":370,"column":7}},"loc":{"start":{"line":370,"column":31},"end":{"line":381,"column":7}},"line":370}},"branchMap":{"0":{"loc":{"start":{"line":26,"column":4},"end":{"line":45,"column":5}},"type":"switch","locations":[{"start":{"line":27,"column":6},"end":{"line":28,"column":67}},{"start":{"line":29,"column":6},"end":{"line":30,"column":74}},{"start":{"line":31,"column":6},"end":{"line":32,"column":68}},{"start":{"line":33,"column":6},"end":{"line":34,"column":71}},{"start":{"line":35,"column":6},"end":{"line":36,"column":71}},{"start":{"line":37,"column":6},"end":{"line":40,"column":48}},{"start":{"line":41,"column":6},"end":{"line":44,"column":62}}],"line":26},"1":{"loc":{"start":{"line":41,"column":11},"end":{"line":41,"column":40}},"type":"binary-expr","locations":[{"start":{"line":41,"column":11},"end":{"line":41,"column":16}},{"start":{"line":41,"column":20},"end":{"line":41,"column":40}}],"line":41},"2":{"loc":{"start":{"line":48,"column":4},"end":{"line":52,"column":5}},"type":"if","locations":[{"start":{"line":48,"column":4},"end":{"line":52,"column":5}},{"start":{},"end":{}}],"line":48},"3":{"loc":{"start":{"line":119,"column":4},"end":{"line":122,"column":5}},"type":"if","locations":[{"start":{"line":119,"column":4},"end":{"line":122,"column":5}},{"start":{},"end":{}}],"line":119},"4":{"loc":{"start":{"line":158,"column":4},"end":{"line":177,"column":5}},"type":"switch","locations":[{"start":{"line":159,"column":6},"end":{"line":160,"column":67}},{"start":{"line":161,"column":6},"end":{"line":162,"column":74}},{"start":{"line":163,"column":6},"end":{"line":164,"column":68}},{"start":{"line":165,"column":6},"end":{"line":166,"column":71}},{"start":{"line":167,"column":6},"end":{"line":168,"column":71}},{"start":{"line":169,"column":6},"end":{"line":172,"column":48}},{"start":{"line":173,"column":6},"end":{"line":176,"column":62}}],"line":158},"5":{"loc":{"start":{"line":173,"column":11},"end":{"line":173,"column":40}},"type":"binary-expr","locations":[{"start":{"line":173,"column":11},"end":{"line":173,"column":16}},{"start":{"line":173,"column":20},"end":{"line":173,"column":40}}],"line":173},"6":{"loc":{"start":{"line":184,"column":4},"end":{"line":187,"column":5}},"type":"if","locations":[{"start":{"line":184,"column":4},"end":{"line":187,"column":5}},{"start":{},"end":{}}],"line":184},"7":{"loc":{"start":{"line":209,"column":4},"end":{"line":209,"column":52}},"type":"if","locations":[{"start":{"line":209,"column":4},"end":{"line":209,"column":52}},{"start":{},"end":{}}],"line":209},"8":{"loc":{"start":{"line":210,"column":4},"end":{"line":210,"column":70}},"type":"if","locations":[{"start":{"line":210,"column":4},"end":{"line":210,"column":70}},{"start":{},"end":{}}],"line":210},"9":{"loc":{"start":{"line":248,"column":17},"end":{"line":248,"column":54}},"type":"cond-expr","locations":[{"start":{"line":248,"column":35},"end":{"line":248,"column":50}},{"start":{"line":248,"column":53},"end":{"line":248,"column":54}}],"line":248},"10":{"loc":{"start":{"line":343,"column":6},"end":{"line":347,"column":7}},"type":"if","locations":[{"start":{"line":343,"column":6},"end":{"line":347,"column":7}},{"start":{"line":345,"column":13},"end":{"line":347,"column":7}}],"line":343},"11":{"loc":{"start":{"line":371,"column":8},"end":{"line":380,"column":9}},"type":"if","locations":[{"start":{"line":371,"column":8},"end":{"line":380,"column":9}},{"start":{"line":378,"column":15},"end":{"line":380,"column":9}}],"line":371}},"s":{"0":1,"1":1,"2":1,"3":9,"4":9,"5":9,"6":9,"7":1,"8":1,"9":1,"10":1,"11":1,"12":1,"13":1,"14":2,"15":2,"16":2,"17":2,"18":2,"19":2,"20":1,"21":1,"22":1,"23":1,"24":2,"25":2,"26":1,"27":1,"28":1,"29":1,"30":2,"31":2,"32":1,"33":1,"34":1,"35":1,"36":2,"37":2,"38":1,"39":1,"40":1,"41":1,"42":1,"43":1,"44":2,"45":2,"46":1,"47":1,"48":1,"49":1,"50":9,"51":9,"52":9,"53":9,"54":1,"55":1,"56":1,"57":1,"58":1,"59":1,"60":1,"61":2,"62":1,"63":1,"64":1,"65":1,"66":1,"67":1,"68":1,"69":3,"70":3,"71":3,"72":3,"73":2,"74":3,"75":2,"76":3,"77":2,"78":1,"79":1,"80":1,"81":2,"82":2,"83":1,"84":1,"85":1,"86":1,"87":3,"88":3,"89":3,"90":3,"91":2,"92":1,"93":1,"94":1,"95":2,"96":2,"97":2,"98":1,"99":1,"100":1,"101":1,"102":3,"103":3,"104":3,"105":2,"106":1,"107":1,"108":1,"109":3,"110":3,"111":2,"112":1,"113":2,"114":2,"115":1,"116":0,"117":0,"118":0,"119":0,"120":0,"121":0,"122":1,"123":0,"124":0,"125":0,"126":0,"127":0,"128":0,"129":0,"130":0,"131":0,"132":0,"133":0},"f":{"0":9,"1":2,"2":2,"3":2,"4":2,"5":9,"6":3,"7":2,"8":3,"9":2,"10":3,"11":3,"12":0,"13":0,"14":0,"15":0,"16":0},"b":{"0":[1,1,1,1,1,1,1],"1":[3,3],"2":[2,0],"3":[1,0],"4":[1,1,1,1,1,1,1],"5":[3,3],"6":[1,0],"7":[2,1],"8":[2,1],"9":[2,1],"10":[0,0],"11":[0,0]},"_coverageSchema":"1a1c01bbd47fc00a2c39e90264f33305004495a9","hash":"25fd72f3c440dc68edf0449012628f05ca00be07"}
,"C:\\AndrewStuff\\NUS_School\\Y3S2\\CS4218_Software_Testing\\Project\\helpers\\authHelper.js": {"path":"C:\\AndrewStuff\\NUS_School\\Y3S2\\CS4218_Software_Testing\\Project\\helpers\\authHelper.js","statementMap":{"0":{"start":{"line":3,"column":28},"end":{"line":12,"column":1}},"1":{"start":{"line":4,"column":4},"end":{"line":11,"column":5}},"2":{"start":{"line":5,"column":27},"end":{"line":5,"column":29}},"3":{"start":{"line":6,"column":31},"end":{"line":6,"column":70}},"4":{"start":{"line":7,"column":8},"end":{"line":7,"column":30}},"5":{"start":{"line":10,"column":8},"end":{"line":10,"column":27}},"6":{"start":{"line":14,"column":31},"end":{"line":16,"column":1}},"7":{"start":{"line":15,"column":4},"end":{"line":15,"column":52}}},"fnMap":{"0":{"name":"(anonymous_0)","decl":{"start":{"line":3,"column":28},"end":{"line":3,"column":29}},"loc":{"start":{"line":3,"column":48},"end":{"line":12,"column":1}},"line":3},"1":{"name":"(anonymous_1)","decl":{"start":{"line":14,"column":31},"end":{"line":14,"column":32}},"loc":{"start":{"line":14,"column":66},"end":{"line":16,"column":1}},"line":14}},"branchMap":{},"s":{"0":2,"1":2,"2":2,"3":2,"4":1,"5":1,"6":2,"7":2},"f":{"0":2,"1":2},"b":{},"_coverageSchema":"1a1c01bbd47fc00a2c39e90264f33305004495a9","hash":"21ad47c06803123f550a80f9aec83c8902a6305c"}
,"C:\\AndrewStuff\\NUS_School\\Y3S2\\CS4218_Software_Testing\\Project\\middlewares\\authMiddleware.js": {"path":"C:\\AndrewStuff\\NUS_School\\Y3S2\\CS4218_Software_Testing\\Project\\middlewares\\authMiddleware.js","statementMap":{"0":{"start":{"line":5,"column":29},"end":{"line":16,"column":1}},"1":{"start":{"line":6,"column":4},"end":{"line":15,"column":5}},"2":{"start":{"line":7,"column":23},"end":{"line":10,"column":9}},"3":{"start":{"line":11,"column":8},"end":{"line":11,"column":26}},"4":{"start":{"line":12,"column":8},"end":{"line":12,"column":15}},"5":{"start":{"line":14,"column":8},"end":{"line":14,"column":27}},"6":{"start":{"line":19,"column":23},"end":{"line":38,"column":1}},"7":{"start":{"line":20,"column":4},"end":{"line":37,"column":5}},"8":{"start":{"line":21,"column":21},"end":{"line":21,"column":59}},"9":{"start":{"line":22,"column":8},"end":{"line":29,"column":9}},"10":{"start":{"line":23,"column":12},"end":{"line":26,"column":15}},"11":{"start":{"line":28,"column":12},"end":{"line":28,"column":19}},"12":{"start":{"line":31,"column":8},"end":{"line":31,"column":27}},"13":{"start":{"line":32,"column":8},"end":{"line":36,"column":11}}},"fnMap":{"0":{"name":"(anonymous_0)","decl":{"start":{"line":5,"column":29},"end":{"line":5,"column":30}},"loc":{"start":{"line":5,"column":55},"end":{"line":16,"column":1}},"line":5},"1":{"name":"(anonymous_1)","decl":{"start":{"line":19,"column":23},"end":{"line":19,"column":24}},"loc":{"start":{"line":19,"column":49},"end":{"line":38,"column":1}},"line":19}},"branchMap":{"0":{"loc":{"start":{"line":22,"column":8},"end":{"line":29,"column":9}},"type":"if","locations":[{"start":{"line":22,"column":8},"end":{"line":29,"column":9}},{"start":{"line":27,"column":15},"end":{"line":29,"column":9}}],"line":22}},"s":{"0":1,"1":2,"2":2,"3":1,"4":1,"5":1,"6":1,"7":3,"8":3,"9":2,"10":1,"11":1,"12":1,"13":1},"f":{"0":2,"1":3},"b":{"0":[1,1]},"_coverageSchema":"1a1c01bbd47fc00a2c39e90264f33305004495a9","hash":"b65e3f3e52c9e0328837764d13f37ddd3a0cc32e"}
}
