TN:
SF:client\src\context\cart.js
FN:4,(anonymous_0)
FN:7,(anonymous_1)
FN:20,(anonymous_2)
FNF:3
FNH:3
FNDA:30,(anonymous_0)
FNDA:15,(anonymous_1)
FNDA:52,(anonymous_2)
DA:3,2
DA:4,2
DA:5,30
DA:7,30
DA:8,15
DA:9,15
DA:12,30
DA:20,52
LF:8
LH:8
BRDA:9,0,0,11
BRDA:9,0,1,4
BRF:2
BRH:2
end_of_record
TN:
SF:client\src\pages\CartPage.js
FN:12,(anonymous_0)
FN:21,(anonymous_1)
FN:24,(anonymous_2)
FN:36,(anonymous_3)
FN:39,(anonymous_4)
FN:49,(anonymous_5)
FN:57,(anonymous_6)
FN:62,(anonymous_7)
FN:102,(anonymous_8)
FN:121,(anonymous_9)
FN:141,(anonymous_10)
FN:152,(anonymous_11)
FN:159,(anonymous_12)
FN:183,(anonymous_13)
FNF:14
FNH:9
FNDA:22,(anonymous_0)
FNDA:22,(anonymous_1)
FNDA:30,(anonymous_2)
FNDA:4,(anonymous_3)
FNDA:9,(anonymous_4)
FNDA:10,(anonymous_5)
FNDA:10,(anonymous_6)
FNDA:0,(anonymous_7)
FNDA:30,(anonymous_8)
FNDA:4,(anonymous_9)
FNDA:0,(anonymous_10)
FNDA:0,(anonymous_11)
FNDA:0,(anonymous_12)
FNDA:0,(anonymous_13)
DA:12,1
DA:13,22
DA:14,22
DA:15,22
DA:16,22
DA:17,22
DA:18,22
DA:21,22
DA:22,22
DA:23,22
DA:24,22
DA:25,30
DA:27,22
DA:32,0
DA:36,22
DA:37,4
DA:38,4
DA:39,9
DA:40,4
DA:41,4
DA:42,4
DA:44,0
DA:49,22
DA:50,10
DA:51,10
DA:52,0
DA:54,10
DA:57,22
DA:58,10
DA:62,22
DA:63,0
DA:64,0
DA:65,0
DA:66,0
DA:70,0
DA:71,0
DA:72,0
DA:73,0
DA:74,0
DA:76,0
DA:77,0
DA:80,22
DA:103,30
DA:121,4
DA:141,0
DA:152,0
DA:160,0
DA:183,0
LF:48
LH:30
BRDA:86,0,0,22
BRDA:86,0,1,0
BRDA:88,1,0,0
BRDA:88,1,1,0
BRDA:90,2,0,11
BRDA:90,2,1,11
BRDA:92,3,0,0
BRDA:92,3,1,11
BRDA:134,4,0,0
BRDA:134,4,1,22
BRDA:149,5,0,0
BRDA:149,5,1,22
BRDA:171,6,0,22
BRDA:171,6,1,0
BRDA:171,7,0,22
BRDA:171,7,1,0
BRDA:171,7,2,0
BRDA:190,8,0,0
BRDA:190,8,1,0
BRDA:190,8,2,0
BRDA:192,9,0,0
BRDA:192,9,1,0
BRF:22
BRH:8
end_of_record
